! Func main in line 12 from main.cpp
  ! Func tree in line 175 from tree.cpp
  ? Func tree in line 175 from tree.cpp
  ! Func init_parse in line 340 from tree.cpp
    ! Func create_tree_parse in line 329 from tree.cpp
      ! Func getSpace in line 210 from tree.cpp
      ? Func getSpace in line 210 from tree.cpp
      ! Func getExpression in line 323 from tree.cpp
        ! Func getSum in line 303 from tree.cpp
          ! Func getMul in line 283 from tree.cpp
            ! Func getBrackets in line 264 from tree.cpp
              ! Func getNumber in line 218 from tree.cpp
                ! Func node in line 7 from tree.cpp
                ? Func node in line 7 from tree.cpp
                ! Func set_value in line 24 from tree.cpp
                ? Func set_value in line 24 from tree.cpp
                ! Func getSpace in line 210 from tree.cpp
                ? Func getSpace in line 210 from tree.cpp
              ? Func getNumber in line 218 from tree.cpp
            ? Func getBrackets in line 264 from tree.cpp
            ! Func node in line 7 from tree.cpp
            ? Func node in line 7 from tree.cpp
            ! Func set_value in line 24 from tree.cpp
            ? Func set_value in line 24 from tree.cpp
            ! Func operator-= in line 27 from tree.cpp
              ! Func add_left in line 18 from tree.cpp
              ? Func add_left in line 18 from tree.cpp
            ? Func operator-= in line 27 from tree.cpp
            ! Func getSpace in line 210 from tree.cpp
            ? Func getSpace in line 210 from tree.cpp
            ! Func getBrackets in line 264 from tree.cpp
              ! Func getNumber in line 218 from tree.cpp
                ! Func node in line 7 from tree.cpp
                ? Func node in line 7 from tree.cpp
                ! Func set_value in line 24 from tree.cpp
                ? Func set_value in line 24 from tree.cpp
                ! Func getSpace in line 210 from tree.cpp
                ? Func getSpace in line 210 from tree.cpp
              ? Func getNumber in line 218 from tree.cpp
            ? Func getBrackets in line 264 from tree.cpp
            ! Func operator+= in line 26 from tree.cpp
              ! Func add_right in line 20 from tree.cpp
              ? Func add_right in line 20 from tree.cpp
            ? Func operator+= in line 26 from tree.cpp
            ! Func node in line 7 from tree.cpp
            ? Func node in line 7 from tree.cpp
            ! Func set_value in line 24 from tree.cpp
            ? Func set_value in line 24 from tree.cpp
            ! Func operator-= in line 27 from tree.cpp
              ! Func add_left in line 18 from tree.cpp
              ? Func add_left in line 18 from tree.cpp
            ? Func operator-= in line 27 from tree.cpp
            ! Func getSpace in line 210 from tree.cpp
            ? Func getSpace in line 210 from tree.cpp
            ! Func getBrackets in line 264 from tree.cpp
              ! Func getNumber in line 218 from tree.cpp
                ! Func node in line 7 from tree.cpp
                ? Func node in line 7 from tree.cpp
                ! Func set_value in line 24 from tree.cpp
                ? Func set_value in line 24 from tree.cpp
                ! Func getSpace in line 210 from tree.cpp
                ? Func getSpace in line 210 from tree.cpp
              ? Func getNumber in line 218 from tree.cpp
            ? Func getBrackets in line 264 from tree.cpp
            ! Func operator+= in line 26 from tree.cpp
              ! Func add_right in line 20 from tree.cpp
              ? Func add_right in line 20 from tree.cpp
            ? Func operator+= in line 26 from tree.cpp
          ? Func getMul in line 283 from tree.cpp
          ! Func node in line 7 from tree.cpp
          ? Func node in line 7 from tree.cpp
          ! Func set_value in line 24 from tree.cpp
          ? Func set_value in line 24 from tree.cpp
          ! Func operator-= in line 27 from tree.cpp
            ! Func add_left in line 18 from tree.cpp
            ? Func add_left in line 18 from tree.cpp
          ? Func operator-= in line 27 from tree.cpp
          ! Func getSpace in line 210 from tree.cpp
          ? Func getSpace in line 210 from tree.cpp
          ! Func getMul in line 283 from tree.cpp
            ! Func getBrackets in line 264 from tree.cpp
              ! Func getNumber in line 218 from tree.cpp
                ! Func node in line 7 from tree.cpp
                ? Func node in line 7 from tree.cpp
                ! Func set_type in line 23 from tree.cpp
                ? Func set_type in line 23 from tree.cpp
                ! Func set_value in line 24 from tree.cpp
                ? Func set_value in line 24 from tree.cpp
                ! Func getSpace in line 210 from tree.cpp
                ? Func getSpace in line 210 from tree.cpp
              ? Func getNumber in line 218 from tree.cpp
            ? Func getBrackets in line 264 from tree.cpp
          ? Func getMul in line 283 from tree.cpp
          ! Func operator+= in line 26 from tree.cpp
            ! Func add_right in line 20 from tree.cpp
            ? Func add_right in line 20 from tree.cpp
          ? Func operator+= in line 26 from tree.cpp
          ! Func node in line 7 from tree.cpp
          ? Func node in line 7 from tree.cpp
          ! Func set_value in line 24 from tree.cpp
          ? Func set_value in line 24 from tree.cpp
          ! Func operator-= in line 27 from tree.cpp
            ! Func add_left in line 18 from tree.cpp
            ? Func add_left in line 18 from tree.cpp
          ? Func operator-= in line 27 from tree.cpp
          ! Func getSpace in line 210 from tree.cpp
          ? Func getSpace in line 210 from tree.cpp
          ! Func getMul in line 283 from tree.cpp
            ! Func getBrackets in line 264 from tree.cpp
              ! Func getNumber in line 218 from tree.cpp
                ! Func node in line 7 from tree.cpp
                ? Func node in line 7 from tree.cpp
                ! Func set_type in line 23 from tree.cpp
                ? Func set_type in line 23 from tree.cpp
                ! Func set_value in line 24 from tree.cpp
                ? Func set_value in line 24 from tree.cpp
                ! Func getSpace in line 210 from tree.cpp
                ? Func getSpace in line 210 from tree.cpp
              ? Func getNumber in line 218 from tree.cpp
            ? Func getBrackets in line 264 from tree.cpp
            ! Func node in line 7 from tree.cpp
            ? Func node in line 7 from tree.cpp
            ! Func set_value in line 24 from tree.cpp
            ? Func set_value in line 24 from tree.cpp
            ! Func operator-= in line 27 from tree.cpp
              ! Func add_left in line 18 from tree.cpp
              ? Func add_left in line 18 from tree.cpp
            ? Func operator-= in line 27 from tree.cpp
            ! Func getSpace in line 210 from tree.cpp
            ? Func getSpace in line 210 from tree.cpp
            ! Func getBrackets in line 264 from tree.cpp
              ! Func getNumber in line 218 from tree.cpp
                ! Func node in line 7 from tree.cpp
                ? Func node in line 7 from tree.cpp
                ! Func set_value in line 24 from tree.cpp
                ? Func set_value in line 24 from tree.cpp
                ! Func getSpace in line 210 from tree.cpp
                ? Func getSpace in line 210 from tree.cpp
              ? Func getNumber in line 218 from tree.cpp
            ? Func getBrackets in line 264 from tree.cpp
            ! Func operator+= in line 26 from tree.cpp
              ! Func add_right in line 20 from tree.cpp
              ? Func add_right in line 20 from tree.cpp
            ? Func operator+= in line 26 from tree.cpp
          ? Func getMul in line 283 from tree.cpp
          ! Func operator+= in line 26 from tree.cpp
            ! Func add_right in line 20 from tree.cpp
            ? Func add_right in line 20 from tree.cpp
          ? Func operator+= in line 26 from tree.cpp
        ? Func getSum in line 303 from tree.cpp
      ? Func getExpression in line 323 from tree.cpp
      Unexpected expressinon. Bad file ending
    ? Func create_tree_parse in line 329 from tree.cpp
  ? Func init_parse in line 340 from tree.cpp
  ! Func print in line 370 from tree.cpp
    ! Func print in line 159 from tree.cpp
      ! Func print in line 159 from tree.cpp
        ! Func print in line 159 from tree.cpp
          ! Func print in line 159 from tree.cpp
            ! Func print in line 159 from tree.cpp
              ! Func print_node in line 143 from tree.cpp
              ? Func print_node in line 143 from tree.cpp
            ? Func print in line 159 from tree.cpp
            ! Func print_node in line 143 from tree.cpp
            ? Func print_node in line 143 from tree.cpp
            ! Func print in line 159 from tree.cpp
              ! Func print_node in line 143 from tree.cpp
              ? Func print_node in line 143 from tree.cpp
            ? Func print in line 159 from tree.cpp
          ? Func print in line 159 from tree.cpp
          ! Func print_node in line 143 from tree.cpp
          ? Func print_node in line 143 from tree.cpp
          ! Func print in line 159 from tree.cpp
            ! Func print_node in line 143 from tree.cpp
            ? Func print_node in line 143 from tree.cpp
          ? Func print in line 159 from tree.cpp
        ? Func print in line 159 from tree.cpp
        ! Func print_node in line 143 from tree.cpp
        ? Func print_node in line 143 from tree.cpp
        ! Func print in line 159 from tree.cpp
          ! Func print_node in line 143 from tree.cpp
          ? Func print_node in line 143 from tree.cpp
        ? Func print in line 159 from tree.cpp
      ? Func print in line 159 from tree.cpp
      ! Func print_node in line 143 from tree.cpp
      ? Func print_node in line 143 from tree.cpp
      ! Func print in line 159 from tree.cpp
        ! Func print in line 159 from tree.cpp
          ! Func print_node in line 143 from tree.cpp
          ? Func print_node in line 143 from tree.cpp
        ? Func print in line 159 from tree.cpp
        ! Func print_node in line 143 from tree.cpp
        ? Func print_node in line 143 from tree.cpp
        ! Func print in line 159 from tree.cpp
          ! Func print_node in line 143 from tree.cpp
          ? Func print_node in line 143 from tree.cpp
        ? Func print in line 159 from tree.cpp
      ? Func print in line 159 from tree.cpp
    ? Func print in line 159 from tree.cpp
  ? Func print in line 370 from tree.cpp
  ! Func tree in line 175 from tree.cpp
  ? Func tree in line 175 from tree.cpp
  ! Func init_calculate in line 354 from tree.cpp
    ! Func node in line 5 from tree.cpp
    ? Func node in line 5 from tree.cpp
    ! Func get_root in line 386 from tree.cpp
    ? Func get_root in line 386 from tree.cpp
    ! Func deep_copy in line 30 from tree.cpp
      ! Func node in line 5 from tree.cpp
      ? Func node in line 5 from tree.cpp
      ! Func get_value in line 43 from tree.cpp
      ? Func get_value in line 43 from tree.cpp
      ! Func set_value in line 24 from tree.cpp
      ? Func set_value in line 24 from tree.cpp
      ! Func get_type in line 44 from tree.cpp
      ? Func get_type in line 44 from tree.cpp
      ! Func set_type in line 23 from tree.cpp
      ? Func set_type in line 23 from tree.cpp
      ! Func get_left in line 41 from tree.cpp
      ? Func get_left in line 41 from tree.cpp
      ! Func get_left in line 41 from tree.cpp
      ? Func get_left in line 41 from tree.cpp
      ! Func deep_copy in line 30 from tree.cpp
        ! Func node in line 5 from tree.cpp
        ? Func node in line 5 from tree.cpp
        ! Func get_value in line 43 from tree.cpp
        ? Func get_value in line 43 from tree.cpp
        ! Func set_value in line 24 from tree.cpp
        ? Func set_value in line 24 from tree.cpp
        ! Func get_type in line 44 from tree.cpp
        ? Func get_type in line 44 from tree.cpp
        ! Func set_type in line 23 from tree.cpp
        ? Func set_type in line 23 from tree.cpp
        ! Func get_left in line 41 from tree.cpp
        ? Func get_left in line 41 from tree.cpp
        ! Func get_left in line 41 from tree.cpp
        ? Func get_left in line 41 from tree.cpp
        ! Func deep_copy in line 30 from tree.cpp
          ! Func node in line 5 from tree.cpp
          ? Func node in line 5 from tree.cpp
          ! Func get_value in line 43 from tree.cpp
          ? Func get_value in line 43 from tree.cpp
          ! Func set_value in line 24 from tree.cpp
          ? Func set_value in line 24 from tree.cpp
          ! Func get_type in line 44 from tree.cpp
          ? Func get_type in line 44 from tree.cpp
          ! Func set_type in line 23 from tree.cpp
          ? Func set_type in line 23 from tree.cpp
          ! Func get_left in line 41 from tree.cpp
          ? Func get_left in line 41 from tree.cpp
          ! Func get_left in line 41 from tree.cpp
          ? Func get_left in line 41 from tree.cpp
          ! Func deep_copy in line 30 from tree.cpp
            ! Func node in line 5 from tree.cpp
            ? Func node in line 5 from tree.cpp
            ! Func get_value in line 43 from tree.cpp
            ? Func get_value in line 43 from tree.cpp
            ! Func set_value in line 24 from tree.cpp
            ? Func set_value in line 24 from tree.cpp
            ! Func get_type in line 44 from tree.cpp
            ? Func get_type in line 44 from tree.cpp
            ! Func set_type in line 23 from tree.cpp
            ? Func set_type in line 23 from tree.cpp
            ! Func get_left in line 41 from tree.cpp
            ? Func get_left in line 41 from tree.cpp
            ! Func get_left in line 41 from tree.cpp
            ? Func get_left in line 41 from tree.cpp
            ! Func deep_copy in line 30 from tree.cpp
              ! Func node in line 5 from tree.cpp
              ? Func node in line 5 from tree.cpp
              ! Func get_value in line 43 from tree.cpp
              ? Func get_value in line 43 from tree.cpp
              ! Func set_value in line 24 from tree.cpp
              ? Func set_value in line 24 from tree.cpp
              ! Func get_type in line 44 from tree.cpp
              ? Func get_type in line 44 from tree.cpp
              ! Func set_type in line 23 from tree.cpp
              ? Func set_type in line 23 from tree.cpp
              ! Func get_left in line 41 from tree.cpp
              ? Func get_left in line 41 from tree.cpp
              ! Func get_right in line 42 from tree.cpp
              ? Func get_right in line 42 from tree.cpp
            ? Func deep_copy in line 30 from tree.cpp
            ! Func operator-= in line 27 from tree.cpp
              ! Func add_left in line 18 from tree.cpp
              ? Func add_left in line 18 from tree.cpp
            ? Func operator-= in line 27 from tree.cpp
            ! Func get_right in line 42 from tree.cpp
            ? Func get_right in line 42 from tree.cpp
            ! Func get_right in line 42 from tree.cpp
            ? Func get_right in line 42 from tree.cpp
            ! Func deep_copy in line 30 from tree.cpp
              ! Func node in line 5 from tree.cpp
              ? Func node in line 5 from tree.cpp
              ! Func get_value in line 43 from tree.cpp
              ? Func get_value in line 43 from tree.cpp
              ! Func set_value in line 24 from tree.cpp
              ? Func set_value in line 24 from tree.cpp
              ! Func get_type in line 44 from tree.cpp
              ? Func get_type in line 44 from tree.cpp
              ! Func set_type in line 23 from tree.cpp
              ? Func set_type in line 23 from tree.cpp
              ! Func get_left in line 41 from tree.cpp
              ? Func get_left in line 41 from tree.cpp
              ! Func get_right in line 42 from tree.cpp
              ? Func get_right in line 42 from tree.cpp
            ? Func deep_copy in line 30 from tree.cpp
            ! Func operator+= in line 26 from tree.cpp
              ! Func add_right in line 20 from tree.cpp
              ? Func add_right in line 20 from tree.cpp
            ? Func operator+= in line 26 from tree.cpp
          ? Func deep_copy in line 30 from tree.cpp
          ! Func operator-= in line 27 from tree.cpp
            ! Func add_left in line 18 from tree.cpp
            ? Func add_left in line 18 from tree.cpp
          ? Func operator-= in line 27 from tree.cpp
          ! Func get_right in line 42 from tree.cpp
          ? Func get_right in line 42 from tree.cpp
          ! Func get_right in line 42 from tree.cpp
          ? Func get_right in line 42 from tree.cpp
          ! Func deep_copy in line 30 from tree.cpp
            ! Func node in line 5 from tree.cpp
            ? Func node in line 5 from tree.cpp
            ! Func get_value in line 43 from tree.cpp
            ? Func get_value in line 43 from tree.cpp
            ! Func set_value in line 24 from tree.cpp
            ? Func set_value in line 24 from tree.cpp
            ! Func get_type in line 44 from tree.cpp
            ? Func get_type in line 44 from tree.cpp
            ! Func set_type in line 23 from tree.cpp
            ? Func set_type in line 23 from tree.cpp
            ! Func get_left in line 41 from tree.cpp
            ? Func get_left in line 41 from tree.cpp
            ! Func get_right in line 42 from tree.cpp
            ? Func get_right in line 42 from tree.cpp
          ? Func deep_copy in line 30 from tree.cpp
          ! Func operator+= in line 26 from tree.cpp
            ! Func add_right in line 20 from tree.cpp
            ? Func add_right in line 20 from tree.cpp
          ? Func operator+= in line 26 from tree.cpp
        ? Func deep_copy in line 30 from tree.cpp
        ! Func operator-= in line 27 from tree.cpp
          ! Func add_left in line 18 from tree.cpp
          ? Func add_left in line 18 from tree.cpp
        ? Func operator-= in line 27 from tree.cpp
        ! Func get_right in line 42 from tree.cpp
        ? Func get_right in line 42 from tree.cpp
        ! Func get_right in line 42 from tree.cpp
        ? Func get_right in line 42 from tree.cpp
        ! Func deep_copy in line 30 from tree.cpp
          ! Func node in line 5 from tree.cpp
          ? Func node in line 5 from tree.cpp
          ! Func get_value in line 43 from tree.cpp
          ? Func get_value in line 43 from tree.cpp
          ! Func set_value in line 24 from tree.cpp
          ? Func set_value in line 24 from tree.cpp
          ! Func get_type in line 44 from tree.cpp
          ? Func get_type in line 44 from tree.cpp
          ! Func set_type in line 23 from tree.cpp
          ? Func set_type in line 23 from tree.cpp
          ! Func get_left in line 41 from tree.cpp
          ? Func get_left in line 41 from tree.cpp
          ! Func get_right in line 42 from tree.cpp
          ? Func get_right in line 42 from tree.cpp
        ? Func deep_copy in line 30 from tree.cpp
        ! Func operator+= in line 26 from tree.cpp
          ! Func add_right in line 20 from tree.cpp
          ? Func add_right in line 20 from tree.cpp
        ? Func operator+= in line 26 from tree.cpp
      ? Func deep_copy in line 30 from tree.cpp
      ! Func operator-= in line 27 from tree.cpp
        ! Func add_left in line 18 from tree.cpp
        ? Func add_left in line 18 from tree.cpp
      ? Func operator-= in line 27 from tree.cpp
      ! Func get_right in line 42 from tree.cpp
      ? Func get_right in line 42 from tree.cpp
      ! Func get_right in line 42 from tree.cpp
      ? Func get_right in line 42 from tree.cpp
      ! Func deep_copy in line 30 from tree.cpp
        ! Func node in line 5 from tree.cpp
        ? Func node in line 5 from tree.cpp
        ! Func get_value in line 43 from tree.cpp
        ? Func get_value in line 43 from tree.cpp
        ! Func set_value in line 24 from tree.cpp
        ? Func set_value in line 24 from tree.cpp
        ! Func get_type in line 44 from tree.cpp
        ? Func get_type in line 44 from tree.cpp
        ! Func set_type in line 23 from tree.cpp
        ? Func set_type in line 23 from tree.cpp
        ! Func get_left in line 41 from tree.cpp
        ? Func get_left in line 41 from tree.cpp
        ! Func get_left in line 41 from tree.cpp
        ? Func get_left in line 41 from tree.cpp
        ! Func deep_copy in line 30 from tree.cpp
          ! Func node in line 5 from tree.cpp
          ? Func node in line 5 from tree.cpp
          ! Func get_value in line 43 from tree.cpp
          ? Func get_value in line 43 from tree.cpp
          ! Func set_value in line 24 from tree.cpp
          ? Func set_value in line 24 from tree.cpp
          ! Func get_type in line 44 from tree.cpp
          ? Func get_type in line 44 from tree.cpp
          ! Func set_type in line 23 from tree.cpp
          ? Func set_type in line 23 from tree.cpp
          ! Func get_left in line 41 from tree.cpp
          ? Func get_left in line 41 from tree.cpp
          ! Func get_right in line 42 from tree.cpp
          ? Func get_right in line 42 from tree.cpp
        ? Func deep_copy in line 30 from tree.cpp
        ! Func operator-= in line 27 from tree.cpp
          ! Func add_left in line 18 from tree.cpp
          ? Func add_left in line 18 from tree.cpp
        ? Func operator-= in line 27 from tree.cpp
        ! Func get_right in line 42 from tree.cpp
        ? Func get_right in line 42 from tree.cpp
        ! Func get_right in line 42 from tree.cpp
        ? Func get_right in line 42 from tree.cpp
        ! Func deep_copy in line 30 from tree.cpp
          ! Func node in line 5 from tree.cpp
          ? Func node in line 5 from tree.cpp
          ! Func get_value in line 43 from tree.cpp
          ? Func get_value in line 43 from tree.cpp
          ! Func set_value in line 24 from tree.cpp
          ? Func set_value in line 24 from tree.cpp
          ! Func get_type in line 44 from tree.cpp
          ? Func get_type in line 44 from tree.cpp
          ! Func set_type in line 23 from tree.cpp
          ? Func set_type in line 23 from tree.cpp
          ! Func get_left in line 41 from tree.cpp
          ? Func get_left in line 41 from tree.cpp
          ! Func get_right in line 42 from tree.cpp
          ? Func get_right in line 42 from tree.cpp
        ? Func deep_copy in line 30 from tree.cpp
        ! Func operator+= in line 26 from tree.cpp
          ! Func add_right in line 20 from tree.cpp
          ? Func add_right in line 20 from tree.cpp
        ? Func operator+= in line 26 from tree.cpp
      ? Func deep_copy in line 30 from tree.cpp
      ! Func operator+= in line 26 from tree.cpp
        ! Func add_right in line 20 from tree.cpp
        ? Func add_right in line 20 from tree.cpp
      ? Func operator+= in line 26 from tree.cpp
    ? Func deep_copy in line 30 from tree.cpp
    ! Func calculate in line 364 from tree.cpp
      ! Func calculate in line 48 from tree.cpp
        ! Func calculate in line 48 from tree.cpp
          ! Func calculate in line 48 from tree.cpp
            ! Func calculate in line 48 from tree.cpp
              ! Func calculate in line 48 from tree.cpp
              ? Func calculate in line 48 from tree.cpp
              ! Func calculate in line 48 from tree.cpp
              ? Func calculate in line 48 from tree.cpp
              ! Func get_type in line 44 from tree.cpp
              ? Func get_type in line 44 from tree.cpp
              ! Func get_type in line 44 from tree.cpp
              ? Func get_type in line 44 from tree.cpp
              ! Func get_type in line 44 from tree.cpp
              ? Func get_type in line 44 from tree.cpp
              ! Func get_type in line 44 from tree.cpp
              ? Func get_type in line 44 from tree.cpp
              ! Func get_type in line 44 from tree.cpp
              ? Func get_type in line 44 from tree.cpp
              ! Func get_value in line 43 from tree.cpp
              ? Func get_value in line 43 from tree.cpp
              ! Func get_value in line 43 from tree.cpp
              ? Func get_value in line 43 from tree.cpp
              ! Func ~node in line 16 from tree.cpp
              ? Func ~node in line 16 from tree.cpp
              ! Func ~node in line 16 from tree.cpp
              ? Func ~node in line 16 from tree.cpp
            ? Func calculate in line 48 from tree.cpp
            ! Func calculate in line 48 from tree.cpp
            ? Func calculate in line 48 from tree.cpp
            ! Func get_type in line 44 from tree.cpp
            ? Func get_type in line 44 from tree.cpp
            ! Func get_type in line 44 from tree.cpp
            ? Func get_type in line 44 from tree.cpp
            ! Func get_type in line 44 from tree.cpp
            ? Func get_type in line 44 from tree.cpp
            ! Func get_type in line 44 from tree.cpp
            ? Func get_type in line 44 from tree.cpp
            ! Func get_type in line 44 from tree.cpp
            ? Func get_type in line 44 from tree.cpp
            ! Func get_value in line 43 from tree.cpp
            ? Func get_value in line 43 from tree.cpp
            ! Func get_value in line 43 from tree.cpp
            ? Func get_value in line 43 from tree.cpp
            ! Func ~node in line 16 from tree.cpp
            ? Func ~node in line 16 from tree.cpp
            ! Func ~node in line 16 from tree.cpp
            ? Func ~node in line 16 from tree.cpp
          ? Func calculate in line 48 from tree.cpp
          ! Func calculate in line 48 from tree.cpp
          ? Func calculate in line 48 from tree.cpp
          ! Func get_type in line 44 from tree.cpp
          ? Func get_type in line 44 from tree.cpp
          ! Func get_type in line 44 from tree.cpp
          ? Func get_type in line 44 from tree.cpp
          ! Func get_value in line 43 from tree.cpp
          ? Func get_value in line 43 from tree.cpp
          ! Func set_value in line 24 from tree.cpp
          ? Func set_value in line 24 from tree.cpp
          ! Func set_type in line 23 from tree.cpp
          ? Func set_type in line 23 from tree.cpp
          ! Func get_type in line 44 from tree.cpp
          ? Func get_type in line 44 from tree.cpp
          ! Func get_type in line 44 from tree.cpp
          ? Func get_type in line 44 from tree.cpp
          ! Func get_type in line 44 from tree.cpp
          ? Func get_type in line 44 from tree.cpp
          ! Func get_type in line 44 from tree.cpp
          ? Func get_type in line 44 from tree.cpp
          ! Func get_type in line 44 from tree.cpp
          ? Func get_type in line 44 from tree.cpp
          ! Func get_value in line 43 from tree.cpp
          ? Func get_value in line 43 from tree.cpp
          ! Func get_value in line 43 from tree.cpp
          ? Func get_value in line 43 from tree.cpp
          ! Func ~node in line 16 from tree.cpp
          ? Func ~node in line 16 from tree.cpp
          ! Func ~node in line 16 from tree.cpp
          ? Func ~node in line 16 from tree.cpp
        ? Func calculate in line 48 from tree.cpp
        ! Func calculate in line 48 from tree.cpp
          ! Func calculate in line 48 from tree.cpp
          ? Func calculate in line 48 from tree.cpp
          ! Func calculate in line 48 from tree.cpp
          ? Func calculate in line 48 from tree.cpp
          ! Func get_type in line 44 from tree.cpp
          ? Func get_type in line 44 from tree.cpp
          ! Func get_type in line 44 from tree.cpp
          ? Func get_type in line 44 from tree.cpp
          ! Func get_type in line 44 from tree.cpp
          ? Func get_type in line 44 from tree.cpp
          ! Func get_value in line 43 from tree.cpp
          ? Func get_value in line 43 from tree.cpp
          ! Func set_value in line 24 from tree.cpp
          ? Func set_value in line 24 from tree.cpp
          ! Func set_type in line 23 from tree.cpp
          ? Func set_type in line 23 from tree.cpp
          ! Func get_type in line 44 from tree.cpp
          ? Func get_type in line 44 from tree.cpp
          ! Func get_type in line 44 from tree.cpp
          ? Func get_type in line 44 from tree.cpp
          ! Func get_type in line 44 from tree.cpp
          ? Func get_type in line 44 from tree.cpp
          ! Func get_value in line 43 from tree.cpp
          ? Func get_value in line 43 from tree.cpp
          ! Func get_value in line 43 from tree.cpp
          ? Func get_value in line 43 from tree.cpp
          ! Func ~node in line 16 from tree.cpp
          ? Func ~node in line 16 from tree.cpp
          ! Func ~node in line 16 from tree.cpp
          ? Func ~node in line 16 from tree.cpp
        ? Func calculate in line 48 from tree.cpp
        ! Func get_type in line 44 from tree.cpp
        ? Func get_type in line 44 from tree.cpp
        ! Func get_type in line 44 from tree.cpp
        ? Func get_type in line 44 from tree.cpp
        ! Func get_type in line 44 from tree.cpp
        ? Func get_type in line 44 from tree.cpp
        ! Func get_type in line 44 from tree.cpp
        ? Func get_type in line 44 from tree.cpp
        ! Func get_type in line 44 from tree.cpp
        ? Func get_type in line 44 from tree.cpp
        ! Func get_type in line 44 from tree.cpp
        ? Func get_type in line 44 from tree.cpp
        ! Func get_value in line 43 from tree.cpp
        ? Func get_value in line 43 from tree.cpp
        ! Func get_value in line 43 from tree.cpp
        ? Func get_value in line 43 from tree.cpp
        ! Func ~node in line 16 from tree.cpp
        ? Func ~node in line 16 from tree.cpp
        ! Func ~node in line 16 from tree.cpp
        ? Func ~node in line 16 from tree.cpp
      ? Func calculate in line 48 from tree.cpp
    ? Func calculate in line 364 from tree.cpp
  ? Func init_calculate in line 354 from tree.cpp
  ! Func print in line 370 from tree.cpp
    ! Func print in line 159 from tree.cpp
      ! Func print_node in line 143 from tree.cpp
      ? Func print_node in line 143 from tree.cpp
    ? Func print in line 159 from tree.cpp
  ? Func print in line 370 from tree.cpp
  ! Func ~tree in line 182 from tree.cpp
    ! Func ~node in line 16 from tree.cpp
    ? Func ~node in line 16 from tree.cpp
  ? Func ~tree in line 182 from tree.cpp
  ! Func ~tree in line 182 from tree.cpp
    ! Func ~node in line 16 from tree.cpp
      ! Func ~node in line 16 from tree.cpp
        ! Func ~node in line 16 from tree.cpp
          ! Func ~node in line 16 from tree.cpp
            ! Func ~node in line 16 from tree.cpp
            ? Func ~node in line 16 from tree.cpp
            ! Func ~node in line 16 from tree.cpp
            ? Func ~node in line 16 from tree.cpp
          ? Func ~node in line 16 from tree.cpp
          ! Func ~node in line 16 from tree.cpp
          ? Func ~node in line 16 from tree.cpp
        ? Func ~node in line 16 from tree.cpp
        ! Func ~node in line 16 from tree.cpp
        ? Func ~node in line 16 from tree.cpp
      ? Func ~node in line 16 from tree.cpp
      ! Func ~node in line 16 from tree.cpp
        ! Func ~node in line 16 from tree.cpp
        ? Func ~node in line 16 from tree.cpp
        ! Func ~node in line 16 from tree.cpp
        ? Func ~node in line 16 from tree.cpp
      ? Func ~node in line 16 from tree.cpp
    ? Func ~node in line 16 from tree.cpp
  ? Func ~tree in line 182 from tree.cpp
? Func main in line 12 from main.cpp
